Enter
Left Shift
H
I
Space
Left Shift
D
U
D
E
Enter
L
O
Enter
Backspace
Backspace
Backspace
Backspace
2
5
Left Control
S
Backspace
Backspace
A
N
Y
Left Control
S
Backspace
Backspace
Left Control
S
Delete
Left Meta
D
Backspace
1
Left Control
S
Backspace
A
Delete
Delete
Delete
Delete
Left Control
S
Space
Right Shift
3
Down
Delete
Left Control
S
Right Shift
Up
Up
Up
Delete
Left Control
A
Delete
Backspace
Backspace
Backspace
2
5
Left Control
S
P
O
R
T
Space
2
5
Enter
Backspace
Backspace
A
N
Y
Left Control
S
Right
Right
Right
Right
Right
Right
Right
Right
Right
Right
Right
Right
Right
Right
Right
Right
Right
Right
Right
Right
Right
Right
Right
Right
Right
Right
Backspace
Backspace
Backspace
2
5
Left Control
S
Backspace
Backspace
4
6
5
Left Control
S
Backspace
Backspace
Backspace
2
5
Left Control
S
Backspace
Backspace
4
6
5
Left Control
S
Left Control
S
